{"meta": {"version": "7.3.3", "timestamp": "2026-02-08T12:44:34.013298", "branch_coverage": true, "show_contexts": false}, "files": {"src\\base_loader.py": {"executed_lines": [1, 8, 10, 11, 13, 15, 16, 19, 20, 31, 33, 35, 36, 46, 47, 48, 49, 50, 51, 52, 54], "summary": {"covered_lines": 19, "num_statements": 19, "percent_covered": 100.0, "percent_covered_display": "100", "missing_lines": 0, "excluded_lines": 0, "num_branches": 2, "num_partial_branches": 0, "covered_branches": 2, "missing_branches": 0}, "missing_lines": [], "excluded_lines": [], "executed_branches": [[36, -19], [36, 35]], "missing_branches": []}, "src\\config\\apis\\aemet_config.py": {"executed_lines": [1, 9, 10, 12, 13, 17, 20, 28, 31, 41, 44, 45, 52, 65], "summary": {"covered_lines": 13, "num_statements": 19, "percent_covered": 61.904761904761905, "percent_covered_display": "62", "missing_lines": 6, "excluded_lines": 0, "num_branches": 2, "num_partial_branches": 0, "covered_branches": 0, "missing_branches": 2}, "missing_lines": [14, 15, 22, 23, 24, 25], "excluded_lines": [], "executed_branches": [], "missing_branches": [[23, 24], [23, 25]]}, "src\\config\\apis\\openmeteo_config.py": {"executed_lines": [1, 9, 11, 12, 17, 19, 22, 23, 24, 25, 28, 31, 51, 99, 111, 121], "summary": {"covered_lines": 15, "num_statements": 17, "percent_covered": 88.23529411764706, "percent_covered_display": "88", "missing_lines": 2, "excluded_lines": 0, "num_branches": 0, "num_partial_branches": 0, "covered_branches": 0, "missing_branches": 0}, "missing_lines": [13, 14], "excluded_lines": [], "executed_branches": [], "missing_branches": []}, "src\\config\\apis\\openweather_config.py": {"executed_lines": [1, 8, 10, 11, 16, 18, 22, 25], "summary": {"covered_lines": 7, "num_statements": 9, "percent_covered": 77.77777777777777, "percent_covered_display": "78", "missing_lines": 2, "excluded_lines": 0, "num_branches": 0, "num_partial_branches": 0, "covered_branches": 0, "missing_branches": 0}, "missing_lines": [12, 13], "excluded_lines": [], "executed_branches": [], "missing_branches": []}, "src\\config\\database_config.py": {"executed_lines": [1, 9, 10, 15, 22, 23], "summary": {"covered_lines": 5, "num_statements": 7, "percent_covered": 71.42857142857143, "percent_covered_display": "71", "missing_lines": 2, "excluded_lines": 0, "num_branches": 0, "num_partial_branches": 0, "covered_branches": 0, "missing_branches": 0}, "missing_lines": [11, 12], "excluded_lines": [], "executed_branches": [], "missing_branches": []}, "src\\config\\db_pool.py": {"executed_lines": [1, 8, 10, 11, 12, 14, 15, 17, 19, 21, 24, 27, 28, 29, 38, 39, 40, 43, 51, 62, 63, 66, 73, 74, 77, 80, 81, 82], "summary": {"covered_lines": 27, "num_statements": 30, "percent_covered": 86.11111111111111, "percent_covered_display": "86", "missing_lines": 3, "excluded_lines": 0, "num_branches": 6, "num_partial_branches": 0, "covered_branches": 4, "missing_branches": 2}, "missing_lines": [46, 47, 48], "excluded_lines": [], "executed_branches": [[27, 28], [27, 40], [80, 81], [80, 82]], "missing_branches": [[46, -43], [46, 47]]}, "src\\config\\lake_config.py": {"executed_lines": [1, 10, 11, 16, 23, 24, 35, 36, 37, 40, 45, 46, 47, 50, 57, 58, 59, 62, 63, 64, 65, 66, 69, 70, 71, 72], "summary": {"covered_lines": 25, "num_statements": 27, "percent_covered": 92.5925925925926, "percent_covered_display": "93", "missing_lines": 2, "excluded_lines": 0, "num_branches": 0, "num_partial_branches": 0, "covered_branches": 0, "missing_branches": 0}, "missing_lines": [12, 13], "excluded_lines": [], "executed_branches": [], "missing_branches": []}, "src\\config\\secrets_manager.py": {"executed_lines": [1, 18, 19, 20, 21, 23, 26, 28, 29, 33, 34, 37, 56, 57, 58, 60, 61, 62, 63, 64, 66, 74, 75, 76, 78, 79, 80, 81, 84, 85, 86, 88, 89, 92, 93, 110, 111, 112, 113, 114, 115, 117, 125, 126, 130, 133, 135, 136, 140, 153, 168, 176, 188, 206, 213, 224, 237, 239, 264, 274, 283, 285, 310, 349, 352, 364, 365, 366, 370, 372, 375, 377, 380, 382, 385, 390, 392, 395], "summary": {"covered_lines": 73, "num_statements": 139, "percent_covered": 45.17766497461929, "percent_covered_display": "45", "missing_lines": 66, "excluded_lines": 0, "num_branches": 58, "num_partial_branches": 6, "covered_branches": 16, "missing_branches": 42}, "missing_lines": [31, 32, 47, 48, 50, 51, 52, 53, 68, 128, 131, 138, 154, 155, 156, 163, 189, 190, 191, 192, 193, 194, 195, 201, 225, 226, 227, 228, 229, 230, 231, 232, 249, 250, 251, 252, 253, 254, 255, 256, 257, 262, 275, 276, 277, 278, 279, 280, 281, 295, 296, 297, 298, 299, 300, 301, 302, 303, 308, 320, 339, 340, 344, 345, 387, 397], "excluded_lines": [], "executed_branches": [[56, -56], [56, 57], [56, 58], [56, 60], [56, 61], [56, 62], [56, 63], [56, 64], [74, -74], [74, 75], [74, 76], [74, 78], [74, 79], [74, 80], [74, 81], [84, -84], [84, 85], [84, 86], [84, 88], [84, 89], [125, 126], [130, 133], [136, 135], [136, 140], [153, 168], [188, 206], [224, 237], [274, 283], [364, 365], [364, 366]], "missing_branches": [[125, 128], [130, 131], [153, 154], [155, 156], [155, 163], [188, 189], [190, 191], [190, 201], [193, 194], [193, 195], [224, 225], [226, 227], [226, 232], [227, 228], [227, 229], [230, 231], [230, 232], [249, 250], [249, 262], [251, 252], [251, 257], [252, 253], [252, 254], [255, 256], [255, 257], [274, 275], [276, 277], [276, 283], [277, 278], [277, 279], [280, 281], [280, 283], [295, 296], [295, 308], [297, 298], [297, 303], [298, 299], [298, 300], [301, 302], [301, 303], [339, 340], [339, 344]]}, "src\\data_quality\\exceptions.py": {"executed_lines": [1, 6, 7, 14, 19, 26, 27, 33, 38, 47, 48, 52, 57, 58, 62, 67], "summary": {"covered_lines": 11, "num_statements": 35, "percent_covered": 25.58139534883721, "percent_covered_display": "26", "missing_lines": 24, "excluded_lines": 0, "num_branches": 8, "num_partial_branches": 0, "covered_branches": 0, "missing_branches": 8}, "missing_lines": [15, 16, 17, 20, 21, 22, 23, 34, 35, 36, 39, 40, 41, 42, 43, 44, 53, 54, 63, 64, 65, 68, 69, 70], "excluded_lines": [], "executed_branches": [], "missing_branches": [[20, 21], [20, 23], [40, 41], [40, 42], [42, 43], [42, 44], [68, 69], [68, 70]]}, "src\\data_quality\\expectations.py": {"executed_lines": [1, 8, 9, 11, 13, 14, 16, 24, 43, 66, 92, 108, 122, 141, 156, 158, 169, 170, 174, 177, 178, 180, 188, 207, 215, 233, 238, 264, 286, 307, 334], "summary": {"covered_lines": 30, "num_statements": 38, "percent_covered": 77.27272727272727, "percent_covered_display": "77", "missing_lines": 8, "excluded_lines": 0, "num_branches": 6, "num_partial_branches": 0, "covered_branches": 4, "missing_branches": 2}, "missing_lines": [256, 281, 302, 324, 352, 361, 362, 364], "excluded_lines": [], "executed_branches": [[169, 170], [169, 174], [177, 178], [177, 180]], "missing_branches": [[361, 362], [361, 364]]}, "src\\data_quality\\metrics.py": {"executed_lines": [1, 8, 9, 10, 11, 12, 14, 16, 19, 20, 21, 23, 24, 25, 26, 27, 28, 30, 41, 42, 43, 45, 46, 47, 48, 49, 50, 51, 52, 54, 68, 72, 73, 83, 84, 85, 87, 102, 105, 106, 108, 109, 110, 111, 113, 115, 128, 131, 133, 146, 149, 152, 153, 155, 171, 174, 175, 176, 177, 179, 183, 186, 188, 190, 191, 199, 224, 245, 246, 249, 250, 255, 257, 258, 268, 269, 270, 285, 286, 287, 288, 299, 300, 301, 302, 313, 315, 316, 317, 318, 319, 320, 322, 323, 326, 331, 333, 335, 346, 353, 356, 364, 365, 366, 369, 372, 373, 376, 377, 380, 381, 382, 384, 386, 412, 451], "summary": {"covered_lines": 112, "num_statements": 162, "percent_covered": 63.40425531914894, "percent_covered_display": "63", "missing_lines": 50, "excluded_lines": 0, "num_branches": 73, "num_partial_branches": 14, "covered_branches": 37, "missing_branches": 36}, "missing_lines": [31, 55, 69, 103, 129, 147, 150, 172, 180, 184, 189, 193, 195, 196, 197, 214, 215, 217, 218, 219, 221, 222, 357, 358, 359, 399, 400, 402, 403, 405, 406, 407, 408, 410, 426, 432, 433, 435, 436, 437, 438, 440, 441, 443, 444, 445, 446, 447, 449, 453], "excluded_lines": [], "executed_branches": [[19, -19], [19, 20], [19, 21], [19, 23], [19, 24], [19, 25], [19, 26], [19, 27], [19, 28], [41, -41], [41, 42], [41, 43], [41, 45], [41, 46], [41, 47], [41, 48], [41, 49], [41, 50], [41, 51], [41, 52], [102, 105], [108, 109], [108, 113], [109, 110], [128, 131], [146, 149], [149, -149], [149, 149], [149, 152], [171, 174], [179, 183], [183, 186], [188, 190], [190, 191], [257, 258], [257, 268], [285, 286], [299, 300], [299, 313], [317, 318], [317, 322], [322, 323], [356, 364], [364, 365], [364, 372], [365, 366], [366, -366], [366, 366], [366, 369], [372, 373], [372, 376], [376, 377], [376, 380], [381, 382], [381, 384]], "missing_branches": [[102, 103], [109, 108], [128, 129], [146, 147], [149, 150], [171, 172], [179, 180], [183, 184], [188, 189], [190, 193], [214, 215], [214, 217], [218, 219], [218, 221], [285, 299], [322, 326], [356, 357], [358, 359], [358, 364], [365, 372], [399, 400], [399, 402], [405, 406], [405, 407], [407, 408], [407, 410], [432, 433], [432, 435], [437, -437], [437, 438], [440, 441], [440, 443], [444, 445], [444, 449], [446, 444], [446, 447]]}, "src\\data_quality\\validators.py": {"executed_lines": [1, 7, 8, 9, 10, 12, 14, 17, 18, 19, 21, 22, 23, 24, 25, 26, 27, 28, 30, 31, 37, 52, 53, 60, 68, 69, 71, 89, 92, 93, 94, 97, 120, 121, 123, 146, 149, 151, 156, 158, 161, 163, 164, 165, 166, 168, 169, 172, 173, 175, 210, 229, 243, 246, 247, 249, 251, 276, 277, 278, 281, 282, 283, 284, 286, 287, 292, 293, 294, 295, 297, 298, 301, 302, 319, 320, 321, 322, 324, 325, 328, 329, 341, 344, 353, 363, 368], "summary": {"covered_lines": 84, "num_statements": 132, "percent_covered": 55.072463768115945, "percent_covered_display": "55", "missing_lines": 48, "excluded_lines": 0, "num_branches": 75, "num_partial_branches": 12, "covered_branches": 30, "missing_branches": 45}, "missing_lines": [33, 34, 35, 39, 98, 99, 100, 102, 104, 105, 106, 107, 108, 112, 113, 114, 115, 116, 117, 118, 147, 152, 153, 159, 189, 190, 192, 193, 195, 196, 197, 198, 199, 201, 202, 203, 205, 206, 208, 221, 222, 224, 225, 227, 244, 304, 331, 364], "excluded_lines": [], "executed_branches": [[17, -17], [17, 18], [17, 19], [17, 21], [17, 22], [17, 23], [17, 24], [17, 25], [17, 26], [17, 27], [17, 28], [31, 30], [31, 37], [93, 94], [93, 97], [97, 120], [146, 149], [151, 156], [158, 161], [163, 164], [165, 166], [243, 246], [283, 284], [283, 286], [286, 287], [286, 292], [292, 293], [293, 294], [293, 319], [294, 295], [294, 297], [301, 302], [319, 320], [320, 321], [320, 341], [321, 322], [321, 324], [328, 329], [363, 368]], "missing_branches": [[33, 34], [33, 35], [97, 98], [98, 99], [98, 120], [99, 100], [99, 102], [104, 105], [104, 107], [105, 98], [105, 106], [107, 108], [107, 113], [108, 98], [108, 112], [113, 114], [113, 116], [114, 98], [114, 115], [116, 98], [116, 117], [117, 98], [117, 118], [146, 147], [151, 152], [158, 159], [163, 165], [165, 168], [189, 190], [189, 192], [195, 196], [195, 208], [196, 197], [196, 201], [205, 195], [205, 206], [221, -221], [221, 222], [221, 224], [243, 244], [292, 319], [301, 304], [319, 341], [328, 331], [363, 364]]}, "src\\dimensional_loader.py": {"executed_lines": [1, 7, 9, 10, 11, 12, 14, 15, 16, 18, 19, 20, 21, 24, 25, 34, 38, 94, 164, 196, 231, 267, 304, 324, 364], "summary": {"covered_lines": 23, "num_statements": 126, "percent_covered": 15.032679738562091, "percent_covered_display": "15", "missing_lines": 103, "excluded_lines": 0, "num_branches": 27, "num_partial_branches": 0, "covered_branches": 0, "missing_branches": 27}, "missing_lines": [36, 44, 46, 47, 48, 50, 51, 52, 53, 54, 55, 56, 57, 58, 59, 61, 87, 88, 89, 90, 92, 101, 103, 104, 105, 107, 108, 109, 112, 113, 116, 124, 125, 129, 132, 133, 154, 155, 156, 157, 158, 159, 160, 162, 166, 168, 169, 170, 171, 189, 190, 191, 192, 194, 198, 200, 201, 202, 203, 224, 225, 226, 227, 229, 233, 235, 236, 237, 264, 265, 269, 271, 272, 273, 301, 302, 306, 308, 309, 310, 321, 322, 332, 334, 335, 336, 337, 338, 354, 358, 359, 360, 362, 371, 374, 377, 378, 381, 382, 383, 384, 385, 387], "excluded_lines": [], "executed_branches": [], "missing_branches": [[50, -38], [50, 51], [53, 54], [53, 87], [103, -94], [103, 104], [124, -124], [124, 125], [124, 129], [132, 133], [132, 154], [155, 156], [155, 158], [168, -164], [168, 169], [200, -196], [200, 201], [235, -231], [235, 236], [271, -267], [271, 272], [308, -304], [308, 309], [334, -324], [334, 335], [337, 338], [337, 354]]}, "src\\extractor.py": {"executed_lines": [1, 8, 10, 11, 12, 13, 15, 16, 18, 22, 23, 24, 25, 38, 41, 47, 48, 49, 50, 51, 54, 55, 66, 68, 69, 70, 76, 87, 88, 90, 91, 92, 94, 95, 96, 97, 104, 105, 106, 107, 109, 115, 119, 121, 124, 126, 127, 128, 130, 132, 133, 134, 136, 142, 172, 174, 175, 176, 177, 179, 180, 186, 187, 188, 190, 191, 192, 195, 196, 198, 199, 200, 205, 209, 211, 214, 215, 217, 218, 221, 223, 224, 225, 226, 232, 242, 253, 263, 274, 284, 295, 305, 316, 326, 341, 354, 355, 356, 357, 359, 360, 362, 364, 365, 366, 368, 369, 370, 372, 373, 374, 375, 378, 379, 380, 381, 383, 384, 385, 390, 403, 405, 406, 408, 409, 411, 412, 413, 416, 425, 426, 428, 430, 431, 436, 438, 460, 462, 463, 466, 467, 468, 469, 471, 472, 473, 476, 480, 481, 483, 485, 486, 487, 491, 492, 494, 495, 496, 499, 511, 514, 518, 526, 529, 535, 537, 538, 540, 542], "summary": {"covered_lines": 167, "num_statements": 212, "percent_covered": 73.86363636363636, "percent_covered_display": "74", "missing_lines": 45, "excluded_lines": 0, "num_branches": 52, "num_partial_branches": 6, "covered_branches": 28, "missing_branches": 24}, "missing_lines": [386, 387, 388, 477, 531, 532, 533, 564, 566, 567, 570, 571, 573, 575, 576, 578, 580, 587, 589, 591, 592, 595, 596, 598, 599, 601, 602, 606, 607, 608, 609, 615, 617, 618, 621, 624, 625, 636, 639, 643, 652, 656, 658, 659, 663], "excluded_lines": [], "executed_branches": [[94, 95], [94, 130], [132, 133], [132, 136], [179, 180], [179, 223], [187, 188], [224, 225], [224, 226], [355, 356], [355, 359], [368, 369], [368, 372], [373, 374], [373, 378], [383, 384], [411, 412], [411, 416], [430, 431], [466, 467], [468, 469], [476, 480], [485, 486], [485, 535], [494, 495], [494, 499], [537, 538], [537, 540]], "missing_branches": [[187, 190], [383, 386], [430, 436], [466, 468], [468, 476], [476, 477], [570, 571], [570, 573], [575, 576], [575, 656], [578, 575], [578, 580], [589, 591], [589, 624], [591, 592], [591, 595], [595, 596], [595, 598], [607, 608], [607, 615], [624, 578], [624, 625], [658, 659], [658, 663]]}, "src\\loader.py": {"executed_lines": [1, 9, 11, 12, 13, 14, 16, 17, 18, 20, 21, 26, 27, 28, 31, 32, 33, 34, 42, 43, 45, 57, 58, 72, 88, 89, 92, 93, 94, 96, 102, 105, 111, 128, 131, 144, 145, 146, 147, 149, 150, 151, 154, 155, 160, 164, 165, 168, 169, 172, 173, 176, 178, 188, 190, 192, 194, 196, 208, 209, 210, 212, 213, 215, 216, 218, 228, 229, 230, 231, 233, 243, 244, 245, 251, 261, 263, 264, 265, 266, 267, 269, 270, 271, 272, 273, 274, 277, 279, 280, 281, 282, 283, 286, 293, 319, 320, 322, 333, 334, 335, 336, 337, 338, 339, 340, 341, 347, 357, 358, 379, 383, 384, 411, 421, 422, 444, 476, 486, 487, 505, 510, 511, 513, 531, 541, 542, 560, 582, 594, 596, 597, 599, 600, 601, 602, 604, 605, 608, 611, 612, 614, 615, 616, 683, 709, 734, 735, 737, 738, 739, 740, 742, 743, 744, 747, 748, 750, 751, 752, 754, 755, 758, 759, 762, 763, 764, 765, 766, 768, 769, 770, 771, 775, 781, 783, 787, 788, 790, 791, 793, 794, 795, 796, 806, 816, 817, 818, 819, 820, 822, 835, 837, 838, 839, 840, 842, 843, 846, 852, 853, 858, 859, 860, 861, 863, 864, 866, 867, 868, 880, 887, 902, 903, 905, 906, 907, 908, 915, 927, 941, 943, 944, 947, 948, 949, 950, 952, 954, 971, 972, 991, 1011, 1012, 1013, 1014, 1017, 1018, 1020, 1021, 1022, 1023, 1024, 1025, 1027, 1028, 1032, 1034, 1048, 1049, 1051, 1052, 1053, 1054, 1055, 1057, 1067, 1069, 1070, 1071, 1073, 1074, 1075, 1077, 1078, 1081, 1082, 1083, 1086, 1092, 1093, 1094, 1096, 1097, 1098, 1099, 1101, 1102, 1103, 1105, 1107, 1108, 1109, 1111, 1112, 1113, 1114, 1120, 1132, 1134, 1135, 1136, 1138, 1139, 1142, 1143, 1144, 1149, 1155, 1156, 1157], "summary": {"covered_lines": 299, "num_statements": 395, "percent_covered": 73.63083164300203, "percent_covered_display": "74", "missing_lines": 96, "excluded_lines": 0, "num_branches": 98, "num_partial_branches": 14, "covered_branches": 64, "missing_branches": 34}, "missing_lines": [46, 48, 49, 50, 51, 97, 129, 180, 181, 182, 183, 184, 185, 186, 448, 563, 564, 566, 618, 619, 622, 625, 632, 633, 634, 635, 636, 641, 642, 643, 644, 645, 647, 648, 649, 650, 651, 652, 654, 655, 656, 659, 660, 662, 671, 672, 674, 675, 676, 677, 679, 680, 681, 686, 687, 689, 690, 773, 776, 779, 784, 798, 799, 800, 849, 850, 882, 883, 884, 885, 910, 911, 912, 1015, 1089, 1090, 1116, 1117, 1118, 1152, 1153, 1159, 1161, 1162, 1163, 1164, 1166, 1167, 1169, 1170, 1171, 1173, 1174, 1176, 1177, 1178], "excluded_lines": [], "executed_branches": [[96, 102], [128, 131], [145, 146], [145, 149], [154, 155], [154, 160], [164, 165], [164, 168], [168, 169], [243, 244], [243, 245], [263, -251], [263, 264], [280, 281], [280, 319], [282, 283], [282, 286], [319, 320], [319, 322], [599, -582], [599, 600], [614, 615], [737, -709], [737, 738], [750, 751], [750, 754], [758, 759], [762, 763], [765, 766], [765, 768], [769, 770], [769, 783], [771, 775], [775, 781], [783, 787], [837, -822], [837, 838], [852, 853], [852, 863], [867, 868], [867, 880], [880, 887], [943, 944], [943, 952], [1011, 1012], [1014, 1017], [1020, 1021], [1020, 1027], [1022, 1023], [1022, 1025], [1027, 1028], [1027, 1032], [1069, -1057], [1069, 1070], [1073, 1074], [1073, 1077], [1092, 1093], [1092, 1096], [1101, 1102], [1107, 1108], [1107, 1111], [1134, -1120], [1134, 1135], [1155, 1156]], "missing_branches": [[96, 97], [128, 129], [168, 178], [180, 181], [180, 182], [184, 185], [184, 186], [614, 618], [635, 636], [635, 641], [641, 642], [641, 647], [644, 645], [644, 647], [648, 649], [648, 654], [650, 651], [650, 652], [654, 655], [654, 659], [758, 762], [762, 768], [771, 773], [775, 776], [783, 784], [880, 882], [1011, 1017], [1014, 1015], [1101, 1105], [1155, 1159], [1161, 1162], [1161, 1173], [1166, 1161], [1166, 1167]]}, "src\\transformer.py": {"executed_lines": [1, 8, 10, 11, 12, 14, 16, 25, 26, 27, 30, 31, 41, 43, 44, 50, 60, 62, 63, 67, 70, 72, 73, 74, 77, 85, 86, 87, 89, 90, 91, 92, 93, 96, 98, 120, 125, 128, 129, 130, 132, 133, 139, 149, 150, 164, 174, 175, 189, 199, 200, 214, 224, 225, 239, 249, 250, 264, 289, 290, 293, 294, 295, 296, 297, 298, 299, 300, 301, 302, 303, 304, 307, 308, 309, 310, 311, 316, 324, 325, 326, 328, 329, 330, 331, 332, 333, 335, 342, 343, 346, 347, 348, 349, 350, 351, 354, 355, 356, 357, 359, 360, 362, 363, 364, 368, 369, 371, 385, 386, 387, 388, 389, 390, 391, 392, 402, 412, 414, 415, 418, 423, 424, 425, 426, 431, 439, 440, 441, 443, 445, 446, 447, 448, 451, 453, 454, 455, 465, 471, 474, 475, 476, 478, 479, 481, 491, 493, 494, 497, 502, 503, 504, 505, 510, 518, 519, 520, 522, 524, 525, 526, 527, 530, 532, 533, 535, 536, 556, 562, 565, 566, 569, 571, 572, 574, 584, 586, 587, 590, 595, 596, 597, 598, 603, 611, 612, 613, 671, 683, 684, 685, 687, 688, 689, 690, 691, 693, 706, 707, 709, 710, 711, 713, 715, 716, 717, 726, 728, 729, 731], "summary": {"covered_lines": 209, "num_statements": 270, "percent_covered": 76.25698324022346, "percent_covered_display": "76", "missing_lines": 61, "excluded_lines": 0, "num_branches": 88, "num_partial_branches": 14, "covered_branches": 64, "missing_branches": 24}, "missing_lines": [68, 82, 83, 94, 121, 122, 123, 126, 321, 322, 344, 393, 394, 395, 396, 436, 437, 449, 467, 468, 469, 472, 515, 516, 528, 558, 559, 560, 563, 608, 609, 615, 617, 618, 619, 620, 621, 623, 625, 626, 627, 629, 630, 651, 653, 654, 655, 657, 658, 660, 661, 662, 664, 665, 718, 720, 721, 722, 724, 733, 734], "excluded_lines": [], "executed_branches": [[67, 70], [70, 72], [70, 85], [85, 86], [85, 89], [90, 91], [90, 125], [93, 96], [125, 128], [294, 295], [294, 307], [295, 296], [295, 303], [298, 299], [303, 294], [303, 304], [307, 308], [307, 324], [324, 325], [324, 328], [329, 330], [329, 359], [332, 333], [332, 335], [343, 346], [346, 329], [346, 347], [359, 360], [359, 362], [385, 386], [385, 387], [387, 388], [390, 391], [423, 424], [423, 439], [439, 440], [439, 443], [445, 446], [445, 471], [448, 451], [454, 445], [454, 455], [471, 474], [502, 503], [502, 518], [518, 519], [518, 522], [524, 525], [524, 562], [527, 530], [535, 524], [535, 536], [562, 565], [595, 596], [611, 612], [683, 684], [683, 685], [687, 688], [687, 689], [706, 707], [706, 709], [713, 715], [728, 729], [728, 731]], "missing_branches": [[67, 68], [93, 94], [125, 126], [298, 295], [343, 344], [387, 396], [390, 387], [448, 449], [471, 472], [527, 528], [562, 563], [595, 611], [611, 615], [617, 618], [617, 657], [620, 621], [620, 623], [629, 617], [629, 630], [657, 658], [657, 660], [713, 718], [718, 720], [718, 724]]}, "src\\type_aliases.py": {"executed_lines": [1, 8, 10, 12, 17, 18, 23, 24, 26, 27, 32, 33, 35, 36, 38, 39, 44, 45, 47, 48, 62, 63, 65, 66, 71, 72, 74, 75], "summary": {"covered_lines": 27, "num_statements": 27, "percent_covered": 100.0, "percent_covered_display": "100", "missing_lines": 0, "excluded_lines": 0, "num_branches": 0, "num_partial_branches": 0, "covered_branches": 0, "missing_branches": 0}, "missing_lines": [], "excluded_lines": [], "executed_branches": [], "missing_branches": []}, "src\\utils\\city_utils.py": {"executed_lines": [1, 7, 9, 10, 11, 13, 15, 16, 19, 24, 25, 28, 35, 36, 39, 49, 50, 53, 69, 70, 72, 74, 77, 78, 79, 80, 81, 84, 85, 88, 96, 97, 102, 104, 105, 107, 108, 109, 112, 119, 122, 131, 138, 141, 142, 145, 150, 157, 160, 162], "summary": {"covered_lines": 49, "num_statements": 50, "percent_covered": 96.92307692307692, "percent_covered_display": "97", "missing_lines": 1, "excluded_lines": 0, "num_branches": 15, "num_partial_branches": 1, "covered_branches": 14, "missing_branches": 1}, "missing_lines": [75], "excluded_lines": [], "executed_branches": [[35, -28], [35, 36], [49, -39], [49, 50], [69, 70], [69, 72], [72, -53], [72, 74], [74, 77], [96, -96], [96, 96], [96, 97], [96, 102], [141, 142], [141, 145]], "missing_branches": [[74, 75]]}, "src\\utils\\debug_utils.py": {"executed_lines": [1, 6, 7, 8, 9, 10, 11, 12, 14, 17, 18, 22, 23, 24, 30, 40, 43, 49, 50, 51, 54, 55, 58, 59, 61, 64, 74, 75, 76, 77, 79, 80, 81, 82, 83, 84, 85, 86, 87, 89, 92, 106, 108, 109, 110, 111, 113, 114, 115, 116, 119, 120, 121, 122, 125, 134, 135, 136, 137, 139, 142, 154, 155, 156, 158, 159, 164, 165, 171, 173, 176, 191, 200, 201, 203, 204, 206, 207, 208, 211, 212, 213, 218, 221, 231, 233, 248, 263, 265, 269, 270, 273, 274, 275, 276, 278, 280, 281, 283, 286, 302, 304, 308, 309, 313, 315, 317, 318, 321, 326, 328, 330, 332, 335, 337, 340, 353, 354, 355, 357, 359, 366, 367, 368, 370, 381, 382, 388, 389, 396, 397, 405], "summary": {"covered_lines": 131, "num_statements": 142, "percent_covered": 91.75824175824175, "percent_covered_display": "92", "missing_lines": 11, "excluded_lines": 0, "num_branches": 40, "num_partial_branches": 4, "covered_branches": 36, "missing_branches": 4}, "missing_lines": [19, 20, 25, 26, 27, 266, 267, 279, 305, 306, 333], "excluded_lines": [], "executed_branches": [[75, 74], [75, 89], [108, 109], [108, 113], [113, 114], [113, 119], [120, 121], [120, 125], [134, 135], [134, 139], [136, 134], [136, 137], [155, 156], [155, 158], [158, 159], [158, 164], [164, 165], [164, 171], [200, 201], [200, 203], [211, 212], [211, 218], [212, 211], [212, 213], [265, 269], [278, 280], [304, 308], [315, 317], [315, 328], [332, 335], [381, 382], [381, 388], [388, 389], [388, 396], [396, 397], [396, 405]], "missing_branches": [[265, 266], [278, 279], [304, 305], [332, 333]]}, "src\\utils\\etl_logger.py": {"executed_lines": [1, 8, 10, 11, 14, 15, 32, 34, 36, 38, 40, 42, 44, 46, 54, 55, 57], "summary": {"covered_lines": 15, "num_statements": 15, "percent_covered": 100.0, "percent_covered_display": "100", "missing_lines": 0, "excluded_lines": 0, "num_branches": 2, "num_partial_branches": 0, "covered_branches": 2, "missing_branches": 0}, "missing_lines": [], "excluded_lines": [], "executed_branches": [[54, 55], [54, 57]], "missing_branches": []}, "src\\utils\\http_utils.py": {"executed_lines": [1, 7, 9, 11, 12, 13, 16, 32, 33, 41, 42, 43, 44], "summary": {"covered_lines": 12, "num_statements": 12, "percent_covered": 100.0, "percent_covered_display": "100", "missing_lines": 0, "excluded_lines": 0, "num_branches": 0, "num_partial_branches": 0, "covered_branches": 0, "missing_branches": 0}, "missing_lines": [], "excluded_lines": [], "executed_branches": [], "missing_branches": []}, "src\\utils\\lazy_loader.py": {"executed_lines": [], "summary": {"covered_lines": 0, "num_statements": 29, "percent_covered": 0.0, "percent_covered_display": "0", "missing_lines": 29, "excluded_lines": 0, "num_branches": 10, "num_partial_branches": 0, "covered_branches": 0, "missing_branches": 10}, "missing_lines": [8, 10, 11, 13, 16, 41, 43, 44, 45, 46, 47, 50, 51, 53, 55, 58, 75, 76, 77, 79, 80, 82, 83, 84, 86, 87, 89, 90, 92], "excluded_lines": [], "executed_branches": [], "missing_branches": [[44, 43], [44, 50], [45, 46], [45, 47], [83, 84], [83, 86], [86, 87], [86, 89], [89, 90], [89, 92]]}, "src\\utils\\minio_client.py": {"executed_lines": [1, 8, 10, 11, 12, 13, 14, 16, 17, 18, 20, 26, 29, 30, 33, 60, 68, 69, 72, 73, 83, 85, 86, 92, 94, 100, 112, 113, 114, 115, 116, 118, 119, 120, 121, 123, 135, 136, 137, 144, 145, 146, 147, 148, 150, 162, 163, 164, 165, 167, 169, 176, 177, 182, 193, 194, 195, 196, 197, 202, 213, 214, 215, 216, 217, 222, 233, 234, 235, 236, 237], "summary": {"covered_lines": 69, "num_statements": 87, "percent_covered": 75.75757575757575, "percent_covered_display": "76", "missing_lines": 18, "excluded_lines": 0, "num_branches": 12, "num_partial_branches": 0, "covered_branches": 6, "missing_branches": 6}, "missing_lines": [50, 51, 53, 55, 56, 57, 178, 179, 180, 198, 199, 200, 218, 219, 220, 238, 239, 240], "excluded_lines": [], "executed_branches": [[68, -60], [68, 69], [112, -94], [112, 113], [114, 115], [114, 118]], "missing_branches": [[50, 51], [50, 53], [53, -33], [53, 55], [55, 56], [55, 57]]}}, "totals": {"covered_lines": 1422, "num_statements": 1999, "percent_covered": 67.1978235522736, "percent_covered_display": "67", "missing_lines": 577, "excluded_lines": 0, "num_branches": 574, "num_partial_branches": 71, "covered_branches": 307, "missing_branches": 267}}